28-Sep-2019 12:45:49.159 信息 [main] org.apache.catalina.startup.VersionLoggerListener.log Server.服务器版本:        Apache Tomcat/8.5.46
28-Sep-2019 12:45:49.167 信息 [main] org.apache.catalina.startup.VersionLoggerListener.log 服务器构建:          Sep 16 2019 18:16:19 UTC
28-Sep-2019 12:45:49.168 信息 [main] org.apache.catalina.startup.VersionLoggerListener.log Server version number: 8.5.46.0
28-Sep-2019 12:45:49.168 信息 [main] org.apache.catalina.startup.VersionLoggerListener.log OS Name:               Windows 10
28-Sep-2019 12:45:49.168 信息 [main] org.apache.catalina.startup.VersionLoggerListener.log OS.版本:            10.0
28-Sep-2019 12:45:49.169 信息 [main] org.apache.catalina.startup.VersionLoggerListener.log 架构:          amd64
28-Sep-2019 12:45:49.169 信息 [main] org.apache.catalina.startup.VersionLoggerListener.log Java 环境变量:             E:\develop\Java\jdk-11
28-Sep-2019 12:45:49.173 信息 [main] org.apache.catalina.startup.VersionLoggerListener.log JVM 版本:           11+28
28-Sep-2019 12:45:49.174 信息 [main] org.apache.catalina.startup.VersionLoggerListener.log JVM.供应商:            Oracle Corporation
28-Sep-2019 12:45:49.174 信息 [main] org.apache.catalina.startup.VersionLoggerListener.log CATALINA_BASE:         F:\2. SpringBoot\SpringBoot 第二天\资料\apache-tomcat-8.5.46
28-Sep-2019 12:45:49.175 信息 [main] org.apache.catalina.startup.VersionLoggerListener.log CATALINA_HOME:         F:\2. SpringBoot\SpringBoot 第二天\资料\apache-tomcat-8.5.46
28-Sep-2019 12:45:49.175 信息 [main] org.apache.catalina.startup.VersionLoggerListener.log Command line argument: --add-opens=java.base/java.lang=ALL-UNNAMED
28-Sep-2019 12:45:49.176 信息 [main] org.apache.catalina.startup.VersionLoggerListener.log Command line argument: --add-opens=java.base/java.io=ALL-UNNAMED
28-Sep-2019 12:45:49.183 信息 [main] org.apache.catalina.startup.VersionLoggerListener.log Command line argument: --add-opens=java.rmi/sun.rmi.transport=ALL-UNNAMED
28-Sep-2019 12:45:49.185 信息 [main] org.apache.catalina.startup.VersionLoggerListener.log Command line argument: -Djava.util.logging.config.file=F:\2. SpringBoot\SpringBoot 第二天\资料\apache-tomcat-8.5.46\conf\logging.properties
28-Sep-2019 12:45:49.185 信息 [main] org.apache.catalina.startup.VersionLoggerListener.log Command line argument: -Djava.util.logging.manager=org.apache.juli.ClassLoaderLogManager
28-Sep-2019 12:45:49.186 信息 [main] org.apache.catalina.startup.VersionLoggerListener.log Command line argument: -Djdk.tls.ephemeralDHKeySize=2048
28-Sep-2019 12:45:49.186 信息 [main] org.apache.catalina.startup.VersionLoggerListener.log Command line argument: -Djava.protocol.handler.pkgs=org.apache.catalina.webresources
28-Sep-2019 12:45:49.187 信息 [main] org.apache.catalina.startup.VersionLoggerListener.log Command line argument: -Dignore.endorsed.dirs=
28-Sep-2019 12:45:49.187 信息 [main] org.apache.catalina.startup.VersionLoggerListener.log Command line argument: -Dcatalina.base=F:\2. SpringBoot\SpringBoot 第二天\资料\apache-tomcat-8.5.46
28-Sep-2019 12:45:49.187 信息 [main] org.apache.catalina.startup.VersionLoggerListener.log Command line argument: -Dcatalina.home=F:\2. SpringBoot\SpringBoot 第二天\资料\apache-tomcat-8.5.46
28-Sep-2019 12:45:49.189 信息 [main] org.apache.catalina.startup.VersionLoggerListener.log Command line argument: -Djava.io.tmpdir=F:\2. SpringBoot\SpringBoot 第二天\资料\apache-tomcat-8.5.46\temp
28-Sep-2019 12:45:49.193 信息 [main] org.apache.catalina.core.AprLifecycleListener.lifecycleEvent Loaded APR based Apache Tomcat Native library [1.2.23] using APR version [1.7.0].
28-Sep-2019 12:45:49.199 信息 [main] org.apache.catalina.core.AprLifecycleListener.lifecycleEvent APR capabilities: IPv6 [true], sendfile [true], accept filters [false], random [true].
28-Sep-2019 12:45:49.199 信息 [main] org.apache.catalina.core.AprLifecycleListener.lifecycleEvent APR/OpenSSL configuration: useAprConnector [false], useOpenSSL [true]
28-Sep-2019 12:45:49.206 信息 [main] org.apache.catalina.core.AprLifecycleListener.initializeSSL OpenSSL successfully initialized [OpenSSL 1.1.1c  28 May 2019]
28-Sep-2019 12:45:49.274 信息 [main] org.apache.coyote.AbstractProtocol.init 初始化协议处理器 ["http-nio-8080"]
28-Sep-2019 12:45:49.402 信息 [main] org.apache.tomcat.util.net.NioSelectorPool.getSharedSelector Using a shared selector for servlet write/read
28-Sep-2019 12:45:49.415 信息 [main] org.apache.coyote.AbstractProtocol.init 初始化协议处理器 ["ajp-nio-8009"]
28-Sep-2019 12:45:49.417 信息 [main] org.apache.tomcat.util.net.NioSelectorPool.getSharedSelector Using a shared selector for servlet write/read
28-Sep-2019 12:45:49.418 信息 [main] org.apache.catalina.startup.Catalina.load Initialization processed in 772 ms
28-Sep-2019 12:45:49.490 信息 [main] org.apache.catalina.core.StandardService.startInternal Starting service [Catalina]
28-Sep-2019 12:45:49.491 信息 [main] org.apache.catalina.core.StandardEngine.startInternal Starting Servlet Engine: Apache Tomcat/8.5.46
28-Sep-2019 12:45:49.515 信息 [localhost-startStop-1] org.apache.catalina.startup.HostConfig.deployDirectory 把web 应用程序部署到目录 [F:\2. SpringBoot\SpringBoot 第二天\资料\apache-tomcat-8.5.46\webapps\docs]
28-Sep-2019 12:45:49.949 信息 [localhost-startStop-1] org.apache.catalina.startup.HostConfig.deployDirectory Deployment of web application directory [F:\2. SpringBoot\SpringBoot 第二天\资料\apache-tomcat-8.5.46\webapps\docs] has finished in [428] ms
28-Sep-2019 12:45:49.950 信息 [localhost-startStop-1] org.apache.catalina.startup.HostConfig.deployDirectory 把web 应用程序部署到目录 [F:\2. SpringBoot\SpringBoot 第二天\资料\apache-tomcat-8.5.46\webapps\examples]
28-Sep-2019 12:45:50.413 信息 [localhost-startStop-1] org.apache.catalina.startup.HostConfig.deployDirectory Deployment of web application directory [F:\2. SpringBoot\SpringBoot 第二天\资料\apache-tomcat-8.5.46\webapps\examples] has finished in [462] ms
28-Sep-2019 12:45:50.413 信息 [localhost-startStop-1] org.apache.catalina.startup.HostConfig.deployDirectory 把web 应用程序部署到目录 [F:\2. SpringBoot\SpringBoot 第二天\资料\apache-tomcat-8.5.46\webapps\host-manager]
28-Sep-2019 12:45:50.456 信息 [localhost-startStop-1] org.apache.catalina.startup.HostConfig.deployDirectory Deployment of web application directory [F:\2. SpringBoot\SpringBoot 第二天\资料\apache-tomcat-8.5.46\webapps\host-manager] has finished in [43] ms
28-Sep-2019 12:45:50.457 信息 [localhost-startStop-1] org.apache.catalina.startup.HostConfig.deployDirectory 把web 应用程序部署到目录 [F:\2. SpringBoot\SpringBoot 第二天\资料\apache-tomcat-8.5.46\webapps\manager]
28-Sep-2019 12:45:50.505 信息 [localhost-startStop-1] org.apache.catalina.startup.HostConfig.deployDirectory Deployment of web application directory [F:\2. SpringBoot\SpringBoot 第二天\资料\apache-tomcat-8.5.46\webapps\manager] has finished in [48] ms
28-Sep-2019 12:45:50.506 信息 [localhost-startStop-1] org.apache.catalina.startup.HostConfig.deployDirectory 把web 应用程序部署到目录 [F:\2. SpringBoot\SpringBoot 第二天\资料\apache-tomcat-8.5.46\webapps\ROOT]
28-Sep-2019 12:45:50.549 信息 [localhost-startStop-1] org.apache.catalina.startup.HostConfig.deployDirectory Deployment of web application directory [F:\2. SpringBoot\SpringBoot 第二天\资料\apache-tomcat-8.5.46\webapps\ROOT] has finished in [43] ms
28-Sep-2019 12:45:50.558 信息 [main] org.apache.coyote.AbstractProtocol.start 开始协议处理句柄["http-nio-8080"]
28-Sep-2019 12:45:50.581 信息 [main] org.apache.coyote.AbstractProtocol.start 开始协议处理句柄["ajp-nio-8009"]
28-Sep-2019 12:45:50.584 信息 [main] org.apache.catalina.startup.Catalina.start Server startup in 1165 ms
28-Sep-2019 12:51:04.328 信息 [main] org.apache.catalina.startup.VersionLoggerListener.log Server.服务器版本:        Apache Tomcat/8.5.46
28-Sep-2019 12:51:04.333 信息 [main] org.apache.catalina.startup.VersionLoggerListener.log 服务器构建:          Sep 16 2019 18:16:19 UTC
28-Sep-2019 12:51:04.334 信息 [main] org.apache.catalina.startup.VersionLoggerListener.log Server version number: 8.5.46.0
28-Sep-2019 12:51:04.335 信息 [main] org.apache.catalina.startup.VersionLoggerListener.log OS Name:               Windows 10
28-Sep-2019 12:51:04.336 信息 [main] org.apache.catalina.startup.VersionLoggerListener.log OS.版本:            10.0
28-Sep-2019 12:51:04.337 信息 [main] org.apache.catalina.startup.VersionLoggerListener.log 架构:          amd64
28-Sep-2019 12:51:04.337 信息 [main] org.apache.catalina.startup.VersionLoggerListener.log Java 环境变量:             E:\develop\Java\jdk-11
28-Sep-2019 12:51:04.337 信息 [main] org.apache.catalina.startup.VersionLoggerListener.log JVM 版本:           11+28
28-Sep-2019 12:51:04.340 信息 [main] org.apache.catalina.startup.VersionLoggerListener.log JVM.供应商:            Oracle Corporation
28-Sep-2019 12:51:04.341 信息 [main] org.apache.catalina.startup.VersionLoggerListener.log CATALINA_BASE:         F:\2. SpringBoot\SpringBoot 第二天\资料\apache-tomcat-8.5.46
28-Sep-2019 12:51:04.344 信息 [main] org.apache.catalina.startup.VersionLoggerListener.log CATALINA_HOME:         F:\2. SpringBoot\SpringBoot 第二天\资料\apache-tomcat-8.5.46
28-Sep-2019 12:51:04.344 信息 [main] org.apache.catalina.startup.VersionLoggerListener.log Command line argument: --add-opens=java.base/java.lang=ALL-UNNAMED
28-Sep-2019 12:51:04.345 信息 [main] org.apache.catalina.startup.VersionLoggerListener.log Command line argument: --add-opens=java.base/java.io=ALL-UNNAMED
28-Sep-2019 12:51:04.346 信息 [main] org.apache.catalina.startup.VersionLoggerListener.log Command line argument: --add-opens=java.rmi/sun.rmi.transport=ALL-UNNAMED
28-Sep-2019 12:51:04.347 信息 [main] org.apache.catalina.startup.VersionLoggerListener.log Command line argument: -Djava.util.logging.config.file=F:\2. SpringBoot\SpringBoot 第二天\资料\apache-tomcat-8.5.46\conf\logging.properties
28-Sep-2019 12:51:04.347 信息 [main] org.apache.catalina.startup.VersionLoggerListener.log Command line argument: -Djava.util.logging.manager=org.apache.juli.ClassLoaderLogManager
28-Sep-2019 12:51:04.348 信息 [main] org.apache.catalina.startup.VersionLoggerListener.log Command line argument: -Djdk.tls.ephemeralDHKeySize=2048
28-Sep-2019 12:51:04.351 信息 [main] org.apache.catalina.startup.VersionLoggerListener.log Command line argument: -Djava.protocol.handler.pkgs=org.apache.catalina.webresources
28-Sep-2019 12:51:04.352 信息 [main] org.apache.catalina.startup.VersionLoggerListener.log Command line argument: -Dignore.endorsed.dirs=
28-Sep-2019 12:51:04.352 信息 [main] org.apache.catalina.startup.VersionLoggerListener.log Command line argument: -Dcatalina.base=F:\2. SpringBoot\SpringBoot 第二天\资料\apache-tomcat-8.5.46
28-Sep-2019 12:51:04.353 信息 [main] org.apache.catalina.startup.VersionLoggerListener.log Command line argument: -Dcatalina.home=F:\2. SpringBoot\SpringBoot 第二天\资料\apache-tomcat-8.5.46
28-Sep-2019 12:51:04.359 信息 [main] org.apache.catalina.startup.VersionLoggerListener.log Command line argument: -Djava.io.tmpdir=F:\2. SpringBoot\SpringBoot 第二天\资料\apache-tomcat-8.5.46\temp
28-Sep-2019 12:51:04.359 信息 [main] org.apache.catalina.core.AprLifecycleListener.lifecycleEvent Loaded APR based Apache Tomcat Native library [1.2.23] using APR version [1.7.0].
28-Sep-2019 12:51:04.360 信息 [main] org.apache.catalina.core.AprLifecycleListener.lifecycleEvent APR capabilities: IPv6 [true], sendfile [true], accept filters [false], random [true].
28-Sep-2019 12:51:04.360 信息 [main] org.apache.catalina.core.AprLifecycleListener.lifecycleEvent APR/OpenSSL configuration: useAprConnector [false], useOpenSSL [true]
28-Sep-2019 12:51:04.365 信息 [main] org.apache.catalina.core.AprLifecycleListener.initializeSSL OpenSSL successfully initialized [OpenSSL 1.1.1c  28 May 2019]
28-Sep-2019 12:51:04.423 信息 [main] org.apache.coyote.AbstractProtocol.init 初始化协议处理器 ["http-nio-8080"]
28-Sep-2019 12:51:04.583 信息 [main] org.apache.tomcat.util.net.NioSelectorPool.getSharedSelector Using a shared selector for servlet write/read
28-Sep-2019 12:51:04.595 信息 [main] org.apache.coyote.AbstractProtocol.init 初始化协议处理器 ["ajp-nio-8009"]
28-Sep-2019 12:51:04.601 信息 [main] org.apache.tomcat.util.net.NioSelectorPool.getSharedSelector Using a shared selector for servlet write/read
28-Sep-2019 12:51:04.602 信息 [main] org.apache.catalina.startup.Catalina.load Initialization processed in 777 ms
28-Sep-2019 12:51:04.666 信息 [main] org.apache.catalina.core.StandardService.startInternal Starting service [Catalina]
28-Sep-2019 12:51:04.668 信息 [main] org.apache.catalina.core.StandardEngine.startInternal Starting Servlet Engine: Apache Tomcat/8.5.46
28-Sep-2019 12:51:04.707 信息 [localhost-startStop-1] org.apache.catalina.startup.HostConfig.deployWAR Deploying web application archive [F:\2. SpringBoot\SpringBoot 第二天\资料\apache-tomcat-8.5.46\webapps\springboot-deploys.war]
28-Sep-2019 12:51:05.206 警告 [localhost-startStop-1] org.apache.tomcat.util.descriptor.web.WebXml.setVersion 未知版本字符串 [4.0]。将使用默认版本。
28-Sep-2019 12:51:10.764 信息 [localhost-startStop-1] org.apache.jasper.servlet.TldScanner.scanJars 至少有一个JAR被扫描用于TLD但尚未包含TLD。 为此记录器启用调试日志记录，以获取已扫描但未在其中找到TLD的完整JAR列表。 在扫描期间跳过不需要的JAR可以缩短启动时间和JSP编译时间。
28-Sep-2019 12:51:10.896 信息 [localhost-startStop-1] org.apache.catalina.startup.HostConfig.deployWAR Deployment of web application archive [F:\2. SpringBoot\SpringBoot 第二天\资料\apache-tomcat-8.5.46\webapps\springboot-deploys.war] has finished in [6,189] ms
28-Sep-2019 12:51:10.898 信息 [localhost-startStop-1] org.apache.catalina.startup.HostConfig.deployDirectory 把web 应用程序部署到目录 [F:\2. SpringBoot\SpringBoot 第二天\资料\apache-tomcat-8.5.46\webapps\docs]
28-Sep-2019 12:51:10.937 信息 [localhost-startStop-1] org.apache.catalina.startup.HostConfig.deployDirectory Deployment of web application directory [F:\2. SpringBoot\SpringBoot 第二天\资料\apache-tomcat-8.5.46\webapps\docs] has finished in [39] ms
28-Sep-2019 12:51:10.938 信息 [localhost-startStop-1] org.apache.catalina.startup.HostConfig.deployDirectory 把web 应用程序部署到目录 [F:\2. SpringBoot\SpringBoot 第二天\资料\apache-tomcat-8.5.46\webapps\examples]
28-Sep-2019 12:51:11.285 信息 [localhost-startStop-1] org.apache.catalina.startup.HostConfig.deployDirectory Deployment of web application directory [F:\2. SpringBoot\SpringBoot 第二天\资料\apache-tomcat-8.5.46\webapps\examples] has finished in [347] ms
28-Sep-2019 12:51:11.286 信息 [localhost-startStop-1] org.apache.catalina.startup.HostConfig.deployDirectory 把web 应用程序部署到目录 [F:\2. SpringBoot\SpringBoot 第二天\资料\apache-tomcat-8.5.46\webapps\host-manager]
28-Sep-2019 12:51:11.338 信息 [localhost-startStop-1] org.apache.catalina.startup.HostConfig.deployDirectory Deployment of web application directory [F:\2. SpringBoot\SpringBoot 第二天\资料\apache-tomcat-8.5.46\webapps\host-manager] has finished in [52] ms
28-Sep-2019 12:51:11.339 信息 [localhost-startStop-1] org.apache.catalina.startup.HostConfig.deployDirectory 把web 应用程序部署到目录 [F:\2. SpringBoot\SpringBoot 第二天\资料\apache-tomcat-8.5.46\webapps\manager]
28-Sep-2019 12:51:11.386 信息 [localhost-startStop-1] org.apache.catalina.startup.HostConfig.deployDirectory Deployment of web application directory [F:\2. SpringBoot\SpringBoot 第二天\资料\apache-tomcat-8.5.46\webapps\manager] has finished in [47] ms
28-Sep-2019 12:51:11.387 信息 [localhost-startStop-1] org.apache.catalina.startup.HostConfig.deployDirectory 把web 应用程序部署到目录 [F:\2. SpringBoot\SpringBoot 第二天\资料\apache-tomcat-8.5.46\webapps\ROOT]
28-Sep-2019 12:51:11.421 信息 [localhost-startStop-1] org.apache.catalina.startup.HostConfig.deployDirectory Deployment of web application directory [F:\2. SpringBoot\SpringBoot 第二天\资料\apache-tomcat-8.5.46\webapps\ROOT] has finished in [34] ms
28-Sep-2019 12:51:11.431 信息 [main] org.apache.coyote.AbstractProtocol.start 开始协议处理句柄["http-nio-8080"]
28-Sep-2019 12:51:11.450 信息 [main] org.apache.coyote.AbstractProtocol.start 开始协议处理句柄["ajp-nio-8009"]
28-Sep-2019 12:51:11.455 信息 [main] org.apache.catalina.startup.Catalina.start Server startup in 6850 ms
28-Sep-2019 13:05:00.651 信息 [main] org.apache.catalina.startup.VersionLoggerListener.log Server.服务器版本:        Apache Tomcat/8.5.46
28-Sep-2019 13:05:00.676 信息 [main] org.apache.catalina.startup.VersionLoggerListener.log 服务器构建:          Sep 16 2019 18:16:19 UTC
28-Sep-2019 13:05:00.678 信息 [main] org.apache.catalina.startup.VersionLoggerListener.log Server version number: 8.5.46.0
28-Sep-2019 13:05:00.679 信息 [main] org.apache.catalina.startup.VersionLoggerListener.log OS Name:               Windows 10
28-Sep-2019 13:05:00.680 信息 [main] org.apache.catalina.startup.VersionLoggerListener.log OS.版本:            10.0
28-Sep-2019 13:05:00.681 信息 [main] org.apache.catalina.startup.VersionLoggerListener.log 架构:          amd64
28-Sep-2019 13:05:00.681 信息 [main] org.apache.catalina.startup.VersionLoggerListener.log Java 环境变量:             E:\develop\Java\jdk-11
28-Sep-2019 13:05:00.684 信息 [main] org.apache.catalina.startup.VersionLoggerListener.log JVM 版本:           11+28
28-Sep-2019 13:05:00.685 信息 [main] org.apache.catalina.startup.VersionLoggerListener.log JVM.供应商:            Oracle Corporation
28-Sep-2019 13:05:00.689 信息 [main] org.apache.catalina.startup.VersionLoggerListener.log CATALINA_BASE:         F:\2. SpringBoot\SpringBoot 第二天\资料\apache-tomcat-8.5.46
28-Sep-2019 13:05:00.690 信息 [main] org.apache.catalina.startup.VersionLoggerListener.log CATALINA_HOME:         F:\2. SpringBoot\SpringBoot 第二天\资料\apache-tomcat-8.5.46
28-Sep-2019 13:05:00.692 信息 [main] org.apache.catalina.startup.VersionLoggerListener.log Command line argument: --add-opens=java.base/java.lang=ALL-UNNAMED
28-Sep-2019 13:05:00.694 信息 [main] org.apache.catalina.startup.VersionLoggerListener.log Command line argument: --add-opens=java.base/java.io=ALL-UNNAMED
28-Sep-2019 13:05:00.694 信息 [main] org.apache.catalina.startup.VersionLoggerListener.log Command line argument: --add-opens=java.rmi/sun.rmi.transport=ALL-UNNAMED
28-Sep-2019 13:05:00.695 信息 [main] org.apache.catalina.startup.VersionLoggerListener.log Command line argument: -Djava.util.logging.config.file=F:\2. SpringBoot\SpringBoot 第二天\资料\apache-tomcat-8.5.46\conf\logging.properties
28-Sep-2019 13:05:00.697 信息 [main] org.apache.catalina.startup.VersionLoggerListener.log Command line argument: -Djava.util.logging.manager=org.apache.juli.ClassLoaderLogManager
28-Sep-2019 13:05:00.705 信息 [main] org.apache.catalina.startup.VersionLoggerListener.log Command line argument: -Djdk.tls.ephemeralDHKeySize=2048
28-Sep-2019 13:05:00.707 信息 [main] org.apache.catalina.startup.VersionLoggerListener.log Command line argument: -Djava.protocol.handler.pkgs=org.apache.catalina.webresources
28-Sep-2019 13:05:00.707 信息 [main] org.apache.catalina.startup.VersionLoggerListener.log Command line argument: -Dignore.endorsed.dirs=
28-Sep-2019 13:05:00.708 信息 [main] org.apache.catalina.startup.VersionLoggerListener.log Command line argument: -Dcatalina.base=F:\2. SpringBoot\SpringBoot 第二天\资料\apache-tomcat-8.5.46
28-Sep-2019 13:05:00.708 信息 [main] org.apache.catalina.startup.VersionLoggerListener.log Command line argument: -Dcatalina.home=F:\2. SpringBoot\SpringBoot 第二天\资料\apache-tomcat-8.5.46
28-Sep-2019 13:05:00.709 信息 [main] org.apache.catalina.startup.VersionLoggerListener.log Command line argument: -Djava.io.tmpdir=F:\2. SpringBoot\SpringBoot 第二天\资料\apache-tomcat-8.5.46\temp
28-Sep-2019 13:05:00.710 信息 [main] org.apache.catalina.core.AprLifecycleListener.lifecycleEvent Loaded APR based Apache Tomcat Native library [1.2.23] using APR version [1.7.0].
28-Sep-2019 13:05:00.711 信息 [main] org.apache.catalina.core.AprLifecycleListener.lifecycleEvent APR capabilities: IPv6 [true], sendfile [true], accept filters [false], random [true].
28-Sep-2019 13:05:00.711 信息 [main] org.apache.catalina.core.AprLifecycleListener.lifecycleEvent APR/OpenSSL configuration: useAprConnector [false], useOpenSSL [true]
28-Sep-2019 13:05:00.732 信息 [main] org.apache.catalina.core.AprLifecycleListener.initializeSSL OpenSSL successfully initialized [OpenSSL 1.1.1c  28 May 2019]
28-Sep-2019 13:05:00.814 信息 [main] org.apache.coyote.AbstractProtocol.init 初始化协议处理器 ["http-nio-8080"]
28-Sep-2019 13:05:00.831 严重 [main] org.apache.catalina.core.StandardService.initInternal Failed to initialize connector [Connector[HTTP/1.1-8080]]
	org.apache.catalina.LifecycleException: 初始化组件[Connector[HTTP/1.1-8080]]失败。
		at org.apache.catalina.util.LifecycleBase.init(LifecycleBase.java:112)
		at org.apache.catalina.core.StandardService.initInternal(StandardService.java:552)
		at org.apache.catalina.util.LifecycleBase.init(LifecycleBase.java:107)
		at org.apache.catalina.core.StandardServer.initInternal(StandardServer.java:852)
		at org.apache.catalina.util.LifecycleBase.init(LifecycleBase.java:107)
		at org.apache.catalina.startup.Catalina.load(Catalina.java:639)
		at org.apache.catalina.startup.Catalina.load(Catalina.java:662)
		at java.base/jdk.internal.reflect.NativeMethodAccessorImpl.invoke0(Native Method)
		at java.base/jdk.internal.reflect.NativeMethodAccessorImpl.invoke(NativeMethodAccessorImpl.java:62)
		at java.base/jdk.internal.reflect.DelegatingMethodAccessorImpl.invoke(DelegatingMethodAccessorImpl.java:43)
		at java.base/java.lang.reflect.Method.invoke(Method.java:566)
		at org.apache.catalina.startup.Bootstrap.load(Bootstrap.java:309)
		at org.apache.catalina.startup.Bootstrap.main(Bootstrap.java:492)
	Caused by: org.apache.catalina.LifecycleException: Protocol handler initialization failed
		at org.apache.catalina.connector.Connector.initInternal(Connector.java:995)
		at org.apache.catalina.util.LifecycleBase.init(LifecycleBase.java:107)
		... 12 more
	Caused by: java.net.BindException: Address already in use: bind
		at java.base/sun.nio.ch.Net.bind0(Native Method)
		at java.base/sun.nio.ch.Net.bind(Net.java:461)
		at java.base/sun.nio.ch.Net.bind(Net.java:453)
		at java.base/sun.nio.ch.ServerSocketChannelImpl.bind(ServerSocketChannelImpl.java:227)
		at java.base/sun.nio.ch.ServerSocketAdaptor.bind(ServerSocketAdaptor.java:80)
		at org.apache.tomcat.util.net.NioEndpoint.bind(NioEndpoint.java:219)
		at org.apache.tomcat.util.net.AbstractEndpoint.init(AbstractEndpoint.java:1118)
		at org.apache.tomcat.util.net.AbstractJsseEndpoint.init(AbstractJsseEndpoint.java:224)
		at org.apache.coyote.AbstractProtocol.init(AbstractProtocol.java:581)
		at org.apache.coyote.http11.AbstractHttp11Protocol.init(AbstractHttp11Protocol.java:68)
		at org.apache.catalina.connector.Connector.initInternal(Connector.java:993)
		... 13 more
28-Sep-2019 13:05:00.839 信息 [main] org.apache.coyote.AbstractProtocol.init 初始化协议处理器 ["ajp-nio-8009"]
28-Sep-2019 13:05:00.977 信息 [main] org.apache.tomcat.util.net.NioSelectorPool.getSharedSelector Using a shared selector for servlet write/read
28-Sep-2019 13:05:00.996 信息 [main] org.apache.catalina.startup.Catalina.load Initialization processed in 1090 ms
28-Sep-2019 13:05:01.112 信息 [main] org.apache.catalina.core.StandardService.startInternal Starting service [Catalina]
28-Sep-2019 13:05:01.115 信息 [main] org.apache.catalina.core.StandardEngine.startInternal Starting Servlet Engine: Apache Tomcat/8.5.46
28-Sep-2019 13:05:01.169 信息 [localhost-startStop-1] org.apache.catalina.startup.HostConfig.deployWAR Deploying web application archive [F:\2. SpringBoot\SpringBoot 第二天\资料\apache-tomcat-8.5.46\webapps\springboot.war]
28-Sep-2019 13:05:01.775 警告 [localhost-startStop-1] org.apache.tomcat.util.descriptor.web.WebXml.setVersion 未知版本字符串 [4.0]。将使用默认版本。
28-Sep-2019 13:05:11.092 信息 [main] org.apache.catalina.startup.VersionLoggerListener.log Server.服务器版本:        Apache Tomcat/8.5.46
28-Sep-2019 13:05:11.100 信息 [main] org.apache.catalina.startup.VersionLoggerListener.log 服务器构建:          Sep 16 2019 18:16:19 UTC
28-Sep-2019 13:05:11.101 信息 [main] org.apache.catalina.startup.VersionLoggerListener.log Server version number: 8.5.46.0
28-Sep-2019 13:05:11.101 信息 [main] org.apache.catalina.startup.VersionLoggerListener.log OS Name:               Windows 10
28-Sep-2019 13:05:11.101 信息 [main] org.apache.catalina.startup.VersionLoggerListener.log OS.版本:            10.0
28-Sep-2019 13:05:11.102 信息 [main] org.apache.catalina.startup.VersionLoggerListener.log 架构:          amd64
28-Sep-2019 13:05:11.102 信息 [main] org.apache.catalina.startup.VersionLoggerListener.log Java 环境变量:             E:\develop\Java\jdk-11
28-Sep-2019 13:05:11.103 信息 [main] org.apache.catalina.startup.VersionLoggerListener.log JVM 版本:           11+28
28-Sep-2019 13:05:11.103 信息 [main] org.apache.catalina.startup.VersionLoggerListener.log JVM.供应商:            Oracle Corporation
28-Sep-2019 13:05:11.104 信息 [main] org.apache.catalina.startup.VersionLoggerListener.log CATALINA_BASE:         F:\2. SpringBoot\SpringBoot 第二天\资料\apache-tomcat-8.5.46
28-Sep-2019 13:05:11.104 信息 [main] org.apache.catalina.startup.VersionLoggerListener.log CATALINA_HOME:         F:\2. SpringBoot\SpringBoot 第二天\资料\apache-tomcat-8.5.46
28-Sep-2019 13:05:11.108 信息 [main] org.apache.catalina.startup.VersionLoggerListener.log Command line argument: --add-opens=java.base/java.lang=ALL-UNNAMED
28-Sep-2019 13:05:11.113 信息 [main] org.apache.catalina.startup.VersionLoggerListener.log Command line argument: --add-opens=java.base/java.io=ALL-UNNAMED
28-Sep-2019 13:05:11.113 信息 [main] org.apache.catalina.startup.VersionLoggerListener.log Command line argument: --add-opens=java.rmi/sun.rmi.transport=ALL-UNNAMED
28-Sep-2019 13:05:11.114 信息 [main] org.apache.catalina.startup.VersionLoggerListener.log Command line argument: -Djava.util.logging.config.file=F:\2. SpringBoot\SpringBoot 第二天\资料\apache-tomcat-8.5.46\conf\logging.properties
28-Sep-2019 13:05:11.114 信息 [main] org.apache.catalina.startup.VersionLoggerListener.log Command line argument: -Djava.util.logging.manager=org.apache.juli.ClassLoaderLogManager
28-Sep-2019 13:05:11.115 信息 [main] org.apache.catalina.startup.VersionLoggerListener.log Command line argument: -Djdk.tls.ephemeralDHKeySize=2048
28-Sep-2019 13:05:11.115 信息 [main] org.apache.catalina.startup.VersionLoggerListener.log Command line argument: -Djava.protocol.handler.pkgs=org.apache.catalina.webresources
28-Sep-2019 13:05:11.116 信息 [main] org.apache.catalina.startup.VersionLoggerListener.log Command line argument: -Dignore.endorsed.dirs=
28-Sep-2019 13:05:11.117 信息 [main] org.apache.catalina.startup.VersionLoggerListener.log Command line argument: -Dcatalina.base=F:\2. SpringBoot\SpringBoot 第二天\资料\apache-tomcat-8.5.46
28-Sep-2019 13:05:11.117 信息 [main] org.apache.catalina.startup.VersionLoggerListener.log Command line argument: -Dcatalina.home=F:\2. SpringBoot\SpringBoot 第二天\资料\apache-tomcat-8.5.46
28-Sep-2019 13:05:11.118 信息 [main] org.apache.catalina.startup.VersionLoggerListener.log Command line argument: -Djava.io.tmpdir=F:\2. SpringBoot\SpringBoot 第二天\资料\apache-tomcat-8.5.46\temp
28-Sep-2019 13:05:11.119 信息 [main] org.apache.catalina.core.AprLifecycleListener.lifecycleEvent Loaded APR based Apache Tomcat Native library [1.2.23] using APR version [1.7.0].
28-Sep-2019 13:05:11.119 信息 [main] org.apache.catalina.core.AprLifecycleListener.lifecycleEvent APR capabilities: IPv6 [true], sendfile [true], accept filters [false], random [true].
28-Sep-2019 13:05:11.120 信息 [main] org.apache.catalina.core.AprLifecycleListener.lifecycleEvent APR/OpenSSL configuration: useAprConnector [false], useOpenSSL [true]
28-Sep-2019 13:05:11.140 信息 [main] org.apache.catalina.core.AprLifecycleListener.initializeSSL OpenSSL successfully initialized [OpenSSL 1.1.1c  28 May 2019]
28-Sep-2019 13:05:11.233 信息 [main] org.apache.coyote.AbstractProtocol.init 初始化协议处理器 ["http-nio-8080"]
28-Sep-2019 13:05:11.367 信息 [main] org.apache.tomcat.util.net.NioSelectorPool.getSharedSelector Using a shared selector for servlet write/read
28-Sep-2019 13:05:11.383 信息 [main] org.apache.coyote.AbstractProtocol.init 初始化协议处理器 ["ajp-nio-8009"]
28-Sep-2019 13:05:11.386 信息 [main] org.apache.tomcat.util.net.NioSelectorPool.getSharedSelector Using a shared selector for servlet write/read
28-Sep-2019 13:05:11.387 信息 [main] org.apache.catalina.startup.Catalina.load Initialization processed in 917 ms
28-Sep-2019 13:05:11.485 信息 [main] org.apache.catalina.core.StandardService.startInternal Starting service [Catalina]
28-Sep-2019 13:05:11.486 信息 [main] org.apache.catalina.core.StandardEngine.startInternal Starting Servlet Engine: Apache Tomcat/8.5.46
28-Sep-2019 13:05:11.528 信息 [localhost-startStop-1] org.apache.catalina.startup.HostConfig.deployWAR Deploying web application archive [F:\2. SpringBoot\SpringBoot 第二天\资料\apache-tomcat-8.5.46\webapps\springboot.war]
28-Sep-2019 13:05:12.063 警告 [localhost-startStop-1] org.apache.tomcat.util.descriptor.web.WebXml.setVersion 未知版本字符串 [4.0]。将使用默认版本。
28-Sep-2019 13:05:37.454 信息 [localhost-startStop-1] org.apache.jasper.servlet.TldScanner.scanJars 至少有一个JAR被扫描用于TLD但尚未包含TLD。 为此记录器启用调试日志记录，以获取已扫描但未在其中找到TLD的完整JAR列表。 在扫描期间跳过不需要的JAR可以缩短启动时间和JSP编译时间。
28-Sep-2019 13:05:37.590 警告 [localhost-startStop-1] org.apache.catalina.util.SessionIdGeneratorBase.createSecureRandom Creation of SecureRandom instance for session ID generation using [SHA1PRNG] took [106] milliseconds.
28-Sep-2019 13:05:37.629 信息 [localhost-startStop-1] org.apache.catalina.startup.HostConfig.deployWAR Deployment of web application archive [F:\2. SpringBoot\SpringBoot 第二天\资料\apache-tomcat-8.5.46\webapps\springboot.war] has finished in [26,102] ms
28-Sep-2019 13:05:37.630 信息 [localhost-startStop-1] org.apache.catalina.startup.HostConfig.deployDirectory 把web 应用程序部署到目录 [F:\2. SpringBoot\SpringBoot 第二天\资料\apache-tomcat-8.5.46\webapps\docs]
28-Sep-2019 13:05:37.687 信息 [localhost-startStop-1] org.apache.catalina.startup.HostConfig.deployDirectory Deployment of web application directory [F:\2. SpringBoot\SpringBoot 第二天\资料\apache-tomcat-8.5.46\webapps\docs] has finished in [57] ms
28-Sep-2019 13:05:37.687 信息 [localhost-startStop-1] org.apache.catalina.startup.HostConfig.deployDirectory 把web 应用程序部署到目录 [F:\2. SpringBoot\SpringBoot 第二天\资料\apache-tomcat-8.5.46\webapps\examples]
28-Sep-2019 13:05:38.250 信息 [localhost-startStop-1] org.apache.catalina.startup.HostConfig.deployDirectory Deployment of web application directory [F:\2. SpringBoot\SpringBoot 第二天\资料\apache-tomcat-8.5.46\webapps\examples] has finished in [562] ms
28-Sep-2019 13:05:38.250 信息 [localhost-startStop-1] org.apache.catalina.startup.HostConfig.deployDirectory 把web 应用程序部署到目录 [F:\2. SpringBoot\SpringBoot 第二天\资料\apache-tomcat-8.5.46\webapps\host-manager]
28-Sep-2019 13:05:38.335 信息 [localhost-startStop-1] org.apache.catalina.startup.HostConfig.deployDirectory Deployment of web application directory [F:\2. SpringBoot\SpringBoot 第二天\资料\apache-tomcat-8.5.46\webapps\host-manager] has finished in [85] ms
28-Sep-2019 13:05:38.337 信息 [localhost-startStop-1] org.apache.catalina.startup.HostConfig.deployDirectory 把web 应用程序部署到目录 [F:\2. SpringBoot\SpringBoot 第二天\资料\apache-tomcat-8.5.46\webapps\manager]
28-Sep-2019 13:05:38.424 信息 [localhost-startStop-1] org.apache.catalina.startup.HostConfig.deployDirectory Deployment of web application directory [F:\2. SpringBoot\SpringBoot 第二天\资料\apache-tomcat-8.5.46\webapps\manager] has finished in [87] ms
28-Sep-2019 13:05:38.425 信息 [localhost-startStop-1] org.apache.catalina.startup.HostConfig.deployDirectory 把web 应用程序部署到目录 [F:\2. SpringBoot\SpringBoot 第二天\资料\apache-tomcat-8.5.46\webapps\ROOT]
28-Sep-2019 13:05:38.472 信息 [localhost-startStop-1] org.apache.catalina.startup.HostConfig.deployDirectory Deployment of web application directory [F:\2. SpringBoot\SpringBoot 第二天\资料\apache-tomcat-8.5.46\webapps\ROOT] has finished in [47] ms
28-Sep-2019 13:05:38.485 信息 [main] org.apache.coyote.AbstractProtocol.start 开始协议处理句柄["http-nio-8080"]
28-Sep-2019 13:05:38.502 信息 [main] org.apache.coyote.AbstractProtocol.start 开始协议处理句柄["ajp-nio-8009"]
28-Sep-2019 13:05:38.511 信息 [main] org.apache.catalina.startup.Catalina.start Server startup in 27122 ms
