2020-12-07 22:20:28,366 INFO Starting Nacos v1.1.3 on LAPTOP-F54MNUO2 with PID 4528 (E:\每日下载——项目二技术\散课资料\SpringCloud\day01\资料\3. Nacos\nacos-server-1.1.3\nacos\target\nacos-server.jar started by World in E:\每日下载——项目二技术\散课资料\SpringCloud\day01\资料\3. Nacos\nacos-server-1.1.3\nacos\bin)

2020-12-07 22:20:28,368 INFO The following profiles are active: standalone

2020-12-07 22:20:30,551 INFO Bean 'org.springframework.security.config.annotation.configuration.ObjectPostProcessorConfiguration' of type [org.springframework.security.config.annotation.configuration.ObjectPostProcessorConfiguration$$EnhancerBySpringCGLIB$$e18e21e5] is not eligible for getting processed by all BeanPostProcessors (for example: not eligible for auto-proxying)

2020-12-07 22:20:30,665 INFO Bean 'objectPostProcessor' of type [org.springframework.security.config.annotation.configuration.AutowireBeanFactoryObjectPostProcessor] is not eligible for getting processed by all BeanPostProcessors (for example: not eligible for auto-proxying)

2020-12-07 22:20:30,667 INFO Bean 'org.springframework.security.access.expression.method.DefaultMethodSecurityExpressionHandler@2cf3d63b' of type [org.springframework.security.access.expression.method.DefaultMethodSecurityExpressionHandler] is not eligible for getting processed by all BeanPostProcessors (for example: not eligible for auto-proxying)

2020-12-07 22:20:30,671 INFO Bean 'org.springframework.security.config.annotation.method.configuration.GlobalMethodSecurityConfiguration' of type [org.springframework.security.config.annotation.method.configuration.GlobalMethodSecurityConfiguration$$EnhancerBySpringCGLIB$$662c497] is not eligible for getting processed by all BeanPostProcessors (for example: not eligible for auto-proxying)

2020-12-07 22:20:30,687 INFO Bean 'methodSecurityMetadataSource' of type [org.springframework.security.access.method.DelegatingMethodSecurityMetadataSource] is not eligible for getting processed by all BeanPostProcessors (for example: not eligible for auto-proxying)

2020-12-07 22:20:31,870 INFO Tomcat initialized with port(s): 8848 (http)

2020-12-07 22:20:31,914 INFO Starting service [Tomcat]

2020-12-07 22:20:31,914 INFO Starting Servlet Engine: Apache Tomcat/9.0.13

2020-12-07 22:20:31,936 INFO The APR based Apache Tomcat Native library which allows optimal performance in production environments was not found on the java.library.path: [E:\dev\java\jdk1.8.0_131\bin;C:\WINDOWS\Sun\Java\bin;C:\WINDOWS\system32;C:\WINDOWS;E:\dev\soft\mysql\Mysql 5.5\bin;E:\dev\soft\tomcat\apache-tomcat-8.5.51\bin;C:\Windows\system32;C:\Windows;C:\Windows\System32\Wbem;C:\Windows\System32\WindowsPowerShell\v1.0\;C:\Windows\System32\OpenSSH\;C:\Program Files (x86)\NVIDIA Corporation\PhysX\Common;C:\Program Files\NVIDIA Corporation\NVIDIA NvDLISR;C:\WINDOWS\system32;C:\WINDOWS;C:\WINDOWS\System32\Wbem;C:\WINDOWS\System32\WindowsPowerShell\v1.0\;C:\WINDOWS\System32\OpenSSH\;E:\dev\java\jdk1.8.0_131\bin;E:\dev\soft\apache-maven-3.6.1\bin;E:\dev\soft\mysql\Mysql 5.5\bin;E:\dev\soft\Git\cmd;E:\dev\soft\bin;E:\1\Captura\ffmpeg-20200716-d11cc74-win64-static\bin;E:\dev\soft\erl10.5\bin;E:\dev\soft\rabbitmq_server-3.7.7\sbin;C:\Users\World\AppData\Local\Microsoft\WindowsApps;;.]

2020-12-07 22:20:32,073 INFO Initializing Spring embedded WebApplicationContext

2020-12-07 22:20:32,073 INFO Root WebApplicationContext: initialization completed in 3650 ms

2020-12-07 22:20:35,814 INFO Use Mysql as the driver

2020-12-07 22:20:36,227 INFO Initializing ExecutorService 'applicationTaskExecutor'

2020-12-07 22:20:36,619 INFO Adding welcome page: class path resource [static/index.html]

2020-12-07 22:20:36,995 INFO Creating filter chain: Ant [pattern='/'], []

2020-12-07 22:20:36,996 INFO Creating filter chain: Ant [pattern='/**/*.css'], []

2020-12-07 22:20:36,997 INFO Creating filter chain: Ant [pattern='/**/*.js'], []

2020-12-07 22:20:37,001 INFO Creating filter chain: Ant [pattern='/**/*.html'], []

2020-12-07 22:20:37,001 INFO Creating filter chain: Ant [pattern='/**/*.map'], []

2020-12-07 22:20:37,001 INFO Creating filter chain: Ant [pattern='/**/*.svg'], []

2020-12-07 22:20:37,002 INFO Creating filter chain: Ant [pattern='/**/*.png'], []

2020-12-07 22:20:37,003 INFO Creating filter chain: Ant [pattern='/**/*.ico'], []

2020-12-07 22:20:37,003 INFO Creating filter chain: Ant [pattern='/console-fe/public/**'], []

2020-12-07 22:20:37,003 INFO Creating filter chain: Ant [pattern='/v1/auth/login'], []

2020-12-07 22:20:37,004 INFO Creating filter chain: Ant [pattern='/v1/console/health/**'], []

2020-12-07 22:20:37,004 INFO Creating filter chain: Ant [pattern='/v1/cs/**'], []

2020-12-07 22:20:37,005 INFO Creating filter chain: Ant [pattern='/v1/ns/**'], []

2020-12-07 22:20:37,008 INFO Creating filter chain: Ant [pattern='/v1/cmdb/**'], []

2020-12-07 22:20:37,009 INFO Creating filter chain: Ant [pattern='/actuator/**'], []

2020-12-07 22:20:37,012 INFO Creating filter chain: Ant [pattern='/v1/console/server/**'], []

2020-12-07 22:20:37,047 INFO Creating filter chain: any request, [org.springframework.security.web.context.request.async.WebAsyncManagerIntegrationFilter@46f699d5, org.springframework.security.web.context.SecurityContextPersistenceFilter@24bdb479, org.springframework.security.web.header.HeaderWriterFilter@1d7f7be7, org.springframework.security.web.authentication.logout.LogoutFilter@533377b, com.alibaba.nacos.console.filter.JwtAuthenticationTokenFilter@18518ccf, org.springframework.security.web.savedrequest.RequestCacheAwareFilter@34625ccd, org.springframework.security.web.servletapi.SecurityContextHolderAwareRequestFilter@67389cb8, org.springframework.security.web.authentication.AnonymousAuthenticationFilter@1991f767, org.springframework.security.web.session.SessionManagementFilter@1ddae9b5, org.springframework.security.web.access.ExceptionTranslationFilter@6a66a204, org.springframework.security.web.access.intercept.FilterSecurityInterceptor@6e4de19b]

2020-12-07 22:20:37,091 INFO Exposing 2 endpoint(s) beneath base path '/actuator'

2020-12-07 22:20:37,130 INFO Initializing ExecutorService 'taskScheduler'

2020-12-07 22:20:37,246 INFO Tomcat started on port(s): 8848 (http) with context path '/nacos'

2020-12-07 22:20:37,253 INFO Started Nacos in 10.647 seconds (JVM running for 11.325)

2020-12-07 22:20:37,253 INFO Nacos Log files: E:\每日下载——项目二技术\散课资料\SpringCloud\day01\资料\3. Nacos\nacos-server-1.1.3\nacos/logs/

2020-12-07 22:20:37,258 INFO Nacos Conf files: E:\每日下载——项目二技术\散课资料\SpringCloud\day01\资料\3. Nacos\nacos-server-1.1.3\nacos/conf/

2020-12-07 22:20:37,271 INFO Nacos Data files: E:\每日下载——项目二技术\散课资料\SpringCloud\day01\资料\3. Nacos\nacos-server-1.1.3\nacos/data/

2020-12-07 22:20:37,284 INFO Nacos started successfully in stand alone mode.

2020-12-07 22:20:40,646 INFO Initializing Spring DispatcherServlet 'dispatcherServlet'

2020-12-07 22:20:40,646 INFO Initializing Servlet 'dispatcherServlet'

2020-12-07 22:20:40,657 INFO Completed initialization in 10 ms

2020-12-07 22:21:22,694 ERROR Responding with unauthorized error. Message - Full authentication is required to access this resource

